2019-08-07 14:43:31,111 : INFO : using symmetric alpha at 0.04
2019-08-07 14:43:31,111 : INFO : using symmetric eta at 0.04
2019-08-07 14:43:31,125 : INFO : using serial LDA version on this node
2019-08-07 14:43:31,300 : INFO : running online (single-pass) LDA training, 25 topics, 1 passes over the supplied corpus of 448 documents, updating model once every 448 documents, evaluating perplexity every 0 documents, iterating 400x with a convergence threshold of 0.001000
2019-08-07 14:43:31,300 : WARNING : too few updates, training might not converge; consider increasing the number of passes or iterations to improve accuracy
2019-08-07 14:43:31,301 : INFO : PROGRESS: pass 0, at document #448/448
2019-08-07 14:43:48,501 : INFO : topic #13 (0.040): 0.002*"kalender" + 0.001*"bild" + 0.001*"bestellen" + 0.001*"bestellung" + 0.001*"programm" + 0.001*"einfach" + 0.001*"qualität" + 0.000*"lieferung" + 0.000*"finden" + 0.000*"schön"
2019-08-07 14:43:48,502 : INFO : topic #19 (0.040): 0.020*"qualität" + 0.013*"zufrieden" + 0.011*"einfach" + 0.011*"bestellen" + 0.010*"kalender" + 0.010*"fotobuch" + 0.010*"schnellen" + 0.009*"bild" + 0.009*"lieferung" + 0.008*"cewe"
2019-08-07 14:43:48,503 : INFO : topic #16 (0.040): 0.018*"qualität" + 0.016*"zufrieden" + 0.016*"einfach" + 0.015*"fotobuch" + 0.013*"schnellen" + 0.012*"buchen" + 0.012*"bild" + 0.010*"buch" + 0.010*"seite" + 0.010*"super"
2019-08-07 14:43:48,504 : INFO : topic #9 (0.040): 0.017*"qualität" + 0.016*"fotobuch" + 0.014*"einfach" + 0.013*"schnellen" + 0.012*"zufrieden" + 0.011*"cewe" + 0.010*"bild" + 0.010*"buchen" + 0.010*"software" + 0.010*"buch"
2019-08-07 14:43:48,504 : INFO : topic #17 (0.040): 0.023*"qualität" + 0.019*"kalender" + 0.013*"zufrieden" + 0.012*"bild" + 0.011*"schnellen" + 0.009*"fotobuch" + 0.009*"super" + 0.009*"einfach" + 0.009*"seite" + 0.008*"lieferung"
2019-08-07 14:43:48,511 : INFO : topic diff=16.290939, rho=1.000000
2019-08-07 14:43:48,879 : INFO : using symmetric alpha at 0.038461538461538464
2019-08-07 14:43:48,879 : INFO : using symmetric eta at 0.038461538461538464
2019-08-07 14:43:48,888 : INFO : using serial LDA version on this node
2019-08-07 14:43:49,058 : INFO : running online (single-pass) LDA training, 26 topics, 1 passes over the supplied corpus of 448 documents, updating model once every 448 documents, evaluating perplexity every 0 documents, iterating 400x with a convergence threshold of 0.001000
2019-08-07 14:43:49,058 : WARNING : too few updates, training might not converge; consider increasing the number of passes or iterations to improve accuracy
2019-08-07 14:43:49,059 : INFO : PROGRESS: pass 0, at document #448/448
2019-08-07 14:44:06,407 : INFO : topic #13 (0.038): 0.000*"kalender" + 0.000*"bild" + 0.000*"bestellung" + 0.000*"bestellen" + 0.000*"einfach" + 0.000*"dm" + 0.000*"hotline" + 0.000*"finden" + 0.000*"mitarbeiter" + 0.000*"fotobuch"
2019-08-07 14:44:06,408 : INFO : topic #22 (0.038): 0.024*"qualität" + 0.015*"bild" + 0.013*"einfach" + 0.012*"schnellen" + 0.010*"software" + 0.010*"kalender" + 0.010*"bestellen" + 0.010*"fotobuch" + 0.009*"lieferung" + 0.009*"zufrieden"
2019-08-07 14:44:06,409 : INFO : topic #2 (0.038): 0.016*"qualität" + 0.011*"kalender" + 0.010*"bild" + 0.010*"bestellen" + 0.010*"zufrieden" + 0.009*"foto" + 0.008*"cewe" + 0.008*"finden" + 0.007*"fotobuch" + 0.007*"einfach"
2019-08-07 14:44:06,410 : INFO : topic #16 (0.038): 0.018*"qualität" + 0.017*"zufrieden" + 0.016*"einfach" + 0.014*"fotobuch" + 0.013*"schnellen" + 0.011*"bild" + 0.011*"buchen" + 0.010*"buch" + 0.010*"super" + 0.009*"software"
2019-08-07 14:44:06,411 : INFO : topic #11 (0.038): 0.003*"qualität" + 0.003*"bild" + 0.002*"kalender" + 0.002*"bestellen" + 0.002*"zufrieden" + 0.001*"einfach" + 0.001*"software" + 0.001*"cewe" + 0.001*"fotobuch" + 0.001*"preisen"
2019-08-07 14:44:06,418 : INFO : topic diff=17.181757, rho=1.000000
2019-08-07 14:44:06,801 : INFO : using symmetric alpha at 0.037037037037037035
2019-08-07 14:44:06,801 : INFO : using symmetric eta at 0.037037037037037035
2019-08-07 14:44:06,812 : INFO : using serial LDA version on this node
2019-08-07 14:44:06,999 : INFO : running online (single-pass) LDA training, 27 topics, 1 passes over the supplied corpus of 448 documents, updating model once every 448 documents, evaluating perplexity every 0 documents, iterating 400x with a convergence threshold of 0.001000
2019-08-07 14:44:06,999 : WARNING : too few updates, training might not converge; consider increasing the number of passes or iterations to improve accuracy
2019-08-07 14:44:06,999 : INFO : PROGRESS: pass 0, at document #448/448
2019-08-07 14:44:25,706 : INFO : topic #13 (0.037): 0.000*"bild" + 0.000*"kalender" + 0.000*"programm" + 0.000*"bestellen" + 0.000*"qualität" + 0.000*"lieferung" + 0.000*"auftrag" + 0.000*"cewe" + 0.000*"bestellung" + 0.000*"foto"
2019-08-07 14:44:25,707 : INFO : topic #6 (0.037): 0.019*"qualität" + 0.016*"bild" + 0.013*"foto" + 0.013*"zufrieden" + 0.012*"kalender" + 0.010*"bestellen" + 0.010*"einfach" + 0.009*"software" + 0.008*"schnellen" + 0.008*"buch"
2019-08-07 14:44:25,708 : INFO : topic #16 (0.037): 0.018*"qualität" + 0.017*"zufrieden" + 0.016*"einfach" + 0.014*"fotobuch" + 0.013*"schnellen" + 0.012*"buchen" + 0.011*"bild" + 0.010*"buch" + 0.010*"super" + 0.009*"software"
2019-08-07 14:44:25,709 : INFO : topic #2 (0.037): 0.016*"qualität" + 0.011*"kalender" + 0.010*"bestellen" + 0.010*"zufrieden" + 0.010*"bild" + 0.009*"foto" + 0.008*"cewe" + 0.008*"finden" + 0.007*"fotobuch" + 0.007*"einfach"
2019-08-07 14:44:25,710 : INFO : topic #18 (0.037): 0.000*"qualität" + 0.000*"software" + 0.000*"zufrieden" + 0.000*"bild" + 0.000*"seite" + 0.000*"schnellen" + 0.000*"fotobuch" + 0.000*"einfach" + 0.000*"lieferung" + 0.000*"buchen"
2019-08-07 14:44:25,718 : INFO : topic diff=17.942879, rho=1.000000
2019-08-07 14:44:26,347 : INFO : using symmetric alpha at 0.03571428571428571
2019-08-07 14:44:26,348 : INFO : using symmetric eta at 0.03571428571428571
2019-08-07 14:44:26,359 : INFO : using serial LDA version on this node
2019-08-07 14:44:26,617 : INFO : running online (single-pass) LDA training, 28 topics, 1 passes over the supplied corpus of 448 documents, updating model once every 448 documents, evaluating perplexity every 0 documents, iterating 400x with a convergence threshold of 0.001000
2019-08-07 14:44:26,617 : WARNING : too few updates, training might not converge; consider increasing the number of passes or iterations to improve accuracy
2019-08-07 14:44:26,618 : INFO : PROGRESS: pass 0, at document #448/448
2019-08-07 14:44:49,816 : INFO : topic #3 (0.036): 0.028*"qualität" + 0.014*"schnellen" + 0.014*"bild" + 0.013*"fotobuch" + 0.013*"einfach" + 0.013*"zufrieden" + 0.009*"super" + 0.008*"foto" + 0.008*"lieferung" + 0.008*"service"
2019-08-07 14:44:49,817 : INFO : topic #0 (0.036): 0.027*"qualität" + 0.012*"software" + 0.012*"schnellen" + 0.012*"einfach" + 0.012*"bild" + 0.011*"zufrieden" + 0.011*"foto" + 0.011*"fotobuch" + 0.010*"kalender" + 0.009*"lieferung"
2019-08-07 14:44:49,818 : INFO : topic #1 (0.036): 0.024*"qualität" + 0.016*"zufrieden" + 0.014*"fotobuch" + 0.013*"einfach" + 0.012*"schnellen" + 0.012*"bild" + 0.010*"bestellen" + 0.010*"super" + 0.009*"buchen" + 0.008*"foto"
2019-08-07 14:44:49,819 : INFO : topic #5 (0.036): 0.024*"qualität" + 0.020*"bild" + 0.016*"zufrieden" + 0.014*"fotobuch" + 0.013*"einfach" + 0.010*"seite" + 0.010*"schnellen" + 0.009*"super" + 0.009*"buchen" + 0.009*"foto"
2019-08-07 14:44:49,820 : INFO : topic #27 (0.036): 0.027*"qualität" + 0.017*"kalender" + 0.013*"bild" + 0.012*"bestellen" + 0.011*"zufrieden" + 0.011*"schnellen" + 0.009*"foto" + 0.009*"einfach" + 0.008*"software" + 0.008*"super"
2019-08-07 14:44:49,827 : INFO : topic diff=18.673769, rho=1.000000
2019-08-07 14:44:50,376 : INFO : using symmetric alpha at 0.034482758620689655
2019-08-07 14:44:50,377 : INFO : using symmetric eta at 0.034482758620689655
2019-08-07 14:44:50,390 : INFO : using serial LDA version on this node
2019-08-07 14:44:50,610 : INFO : running online (single-pass) LDA training, 29 topics, 1 passes over the supplied corpus of 448 documents, updating model once every 448 documents, evaluating perplexity every 0 documents, iterating 400x with a convergence threshold of 0.001000
2019-08-07 14:44:50,610 : WARNING : too few updates, training might not converge; consider increasing the number of passes or iterations to improve accuracy
2019-08-07 14:44:50,611 : INFO : PROGRESS: pass 0, at document #448/448
2019-08-07 14:45:10,367 : INFO : topic #22 (0.034): 0.024*"qualität" + 0.015*"bild" + 0.014*"einfach" + 0.012*"schnellen" + 0.011*"software" + 0.010*"fotobuch" + 0.010*"kalender" + 0.009*"bestellen" + 0.009*"lieferung" + 0.009*"zufrieden"
2019-08-07 14:45:10,368 : INFO : topic #24 (0.034): 0.010*"zufrieden" + 0.009*"qualität" + 0.009*"einfach" + 0.007*"bild" + 0.006*"buchen" + 0.006*"fotobuch" + 0.006*"software" + 0.006*"schnellen" + 0.005*"seite" + 0.005*"buch"
2019-08-07 14:45:10,369 : INFO : topic #1 (0.034): 0.024*"qualität" + 0.016*"zufrieden" + 0.014*"fotobuch" + 0.013*"einfach" + 0.012*"schnellen" + 0.012*"bild" + 0.010*"bestellen" + 0.010*"super" + 0.009*"buchen" + 0.008*"foto"
2019-08-07 14:45:10,370 : INFO : topic #8 (0.034): 0.007*"kalender" + 0.005*"qualität" + 0.004*"foto" + 0.003*"bild" + 0.003*"bestellen" + 0.003*"schnellen" + 0.003*"zufrieden" + 0.002*"lieferung" + 0.002*"schön" + 0.002*"einfach"
2019-08-07 14:45:10,371 : INFO : topic #21 (0.034): 0.014*"qualität" + 0.012*"software" + 0.011*"fotobuch" + 0.010*"einfach" + 0.010*"schnellen" + 0.009*"buchen" + 0.009*"zufrieden" + 0.008*"bild" + 0.007*"lieferung" + 0.007*"seite"
2019-08-07 14:45:10,379 : INFO : topic diff=19.487846, rho=1.000000
2019-08-07 14:45:10,934 : INFO : using symmetric alpha at 0.03333333333333333
2019-08-07 14:45:10,934 : INFO : using symmetric eta at 0.03333333333333333
2019-08-07 14:45:10,958 : INFO : using serial LDA version on this node
2019-08-07 14:45:11,227 : INFO : running online (single-pass) LDA training, 30 topics, 1 passes over the supplied corpus of 448 documents, updating model once every 448 documents, evaluating perplexity every 0 documents, iterating 400x with a convergence threshold of 0.001000
2019-08-07 14:45:11,227 : WARNING : too few updates, training might not converge; consider increasing the number of passes or iterations to improve accuracy
2019-08-07 14:45:11,227 : INFO : PROGRESS: pass 0, at document #448/448
2019-08-07 14:45:26,824 : INFO : topic #0 (0.033): 0.027*"qualität" + 0.012*"software" + 0.012*"schnellen" + 0.012*"einfach" + 0.012*"bild" + 0.011*"zufrieden" + 0.011*"foto" + 0.011*"fotobuch" + 0.010*"kalender" + 0.009*"lieferung"
2019-08-07 14:45:26,825 : INFO : topic #21 (0.033): 0.014*"qualität" + 0.012*"software" + 0.011*"fotobuch" + 0.010*"schnellen" + 0.010*"einfach" + 0.010*"buchen" + 0.009*"zufrieden" + 0.008*"bild" + 0.007*"lieferung" + 0.007*"seite"
2019-08-07 14:45:26,826 : INFO : topic #22 (0.033): 0.024*"qualität" + 0.015*"bild" + 0.014*"einfach" + 0.012*"schnellen" + 0.010*"software" + 0.010*"fotobuch" + 0.010*"kalender" + 0.009*"bestellen" + 0.009*"lieferung" + 0.009*"zufrieden"
2019-08-07 14:45:26,827 : INFO : topic #27 (0.033): 0.027*"qualität" + 0.017*"kalender" + 0.013*"bild" + 0.012*"bestellen" + 0.011*"schnellen" + 0.011*"zufrieden" + 0.009*"foto" + 0.009*"einfach" + 0.008*"software" + 0.008*"super"
2019-08-07 14:45:26,828 : INFO : topic #12 (0.033): 0.000*"zufrieden" + 0.000*"qualität" + 0.000*"einfach" + 0.000*"fotobücher" + 0.000*"fotobuch" + 0.000*"foto" + 0.000*"bild" + 0.000*"cewe" + 0.000*"all" + 0.000*"lieferung"
2019-08-07 14:45:26,837 : INFO : topic diff=20.282156, rho=1.000000
2019-08-07 14:45:27,364 : INFO : using symmetric alpha at 0.03225806451612903
2019-08-07 14:45:27,364 : INFO : using symmetric eta at 0.03225806451612903
2019-08-07 14:45:27,387 : INFO : using serial LDA version on this node
2019-08-07 14:45:27,601 : INFO : running online (single-pass) LDA training, 31 topics, 1 passes over the supplied corpus of 448 documents, updating model once every 448 documents, evaluating perplexity every 0 documents, iterating 400x with a convergence threshold of 0.001000
2019-08-07 14:45:27,602 : WARNING : too few updates, training might not converge; consider increasing the number of passes or iterations to improve accuracy
2019-08-07 14:45:27,602 : INFO : PROGRESS: pass 0, at document #448/448
2019-08-07 14:45:44,122 : INFO : topic #9 (0.032): 0.012*"qualität" + 0.010*"schnellen" + 0.009*"cewe" + 0.009*"fotobuch" + 0.009*"zufrieden" + 0.009*"einfach" + 0.008*"bild" + 0.007*"buchen" + 0.006*"buch" + 0.006*"bestellen"
2019-08-07 14:45:44,123 : INFO : topic #1 (0.032): 0.025*"qualität" + 0.017*"zufrieden" + 0.013*"fotobuch" + 0.012*"bild" + 0.011*"einfach" + 0.011*"schnellen" + 0.009*"foto" + 0.009*"bestellen" + 0.009*"buchen" + 0.009*"super"
2019-08-07 14:45:44,124 : INFO : topic #29 (0.032): 0.003*"qualität" + 0.002*"bild" + 0.002*"foto" + 0.002*"zufrieden" + 0.002*"kalender" + 0.002*"einfach" + 0.002*"bestellen" + 0.001*"finden" + 0.001*"fotobuch" + 0.001*"lieferung"
2019-08-07 14:45:44,125 : INFO : topic #22 (0.032): 0.024*"qualität" + 0.016*"bild" + 0.012*"kalender" + 0.011*"einfach" + 0.010*"schnellen" + 0.010*"foto" + 0.009*"bestellen" + 0.008*"zufrieden" + 0.008*"lieferung" + 0.008*"software"
2019-08-07 14:45:44,125 : INFO : topic #8 (0.032): 0.002*"kalender" + 0.002*"qualität" + 0.001*"foto" + 0.001*"bild" + 0.001*"bestellen" + 0.001*"schnellen" + 0.001*"zufrieden" + 0.001*"lieferung" + 0.001*"2" + 0.001*"..."
2019-08-07 14:45:44,133 : INFO : topic diff=22.717749, rho=1.000000
2019-08-07 14:45:44,615 : INFO : using symmetric alpha at 0.03125
2019-08-07 14:45:44,615 : INFO : using symmetric eta at 0.03125
2019-08-07 14:45:44,628 : INFO : using serial LDA version on this node
2019-08-07 14:45:44,807 : INFO : running online (single-pass) LDA training, 32 topics, 1 passes over the supplied corpus of 448 documents, updating model once every 448 documents, evaluating perplexity every 0 documents, iterating 400x with a convergence threshold of 0.001000
2019-08-07 14:45:44,807 : WARNING : too few updates, training might not converge; consider increasing the number of passes or iterations to improve accuracy
2019-08-07 14:45:44,808 : INFO : PROGRESS: pass 0, at document #448/448
2019-08-07 14:45:58,187 : INFO : topic #28 (0.031): 0.018*"kalender" + 0.016*"qualität" + 0.008*"zufrieden" + 0.008*"foto" + 0.008*"schnellen" + 0.008*"bestellen" + 0.008*"einfach" + 0.008*"bild" + 0.006*"finden" + 0.005*"super"
2019-08-07 14:45:58,188 : INFO : topic #9 (0.031): 0.012*"qualität" + 0.009*"schnellen" + 0.009*"cewe" + 0.009*"fotobuch" + 0.009*"zufrieden" + 0.009*"einfach" + 0.008*"bild" + 0.007*"buchen" + 0.007*"buch" + 0.006*"bestellen"
2019-08-07 14:45:58,188 : INFO : topic #12 (0.031): 0.000*"n/a" + 0.000*"meinermeinung" + 0.000*"orndung" + 0.000*"optimierungsbedürftig!!jeder" + 0.000*"nachbarort" + 0.000*"plausible" + 0.000*"möglih" + 0.000*"kornwestheim" + 0.000*"krampfen" + 0.000*"preisunterschied"
2019-08-07 14:45:58,189 : INFO : topic #25 (0.031): 0.024*"qualität" + 0.019*"fotobuch" + 0.013*"buchen" + 0.012*"bild" + 0.012*"zufrieden" + 0.012*"einfach" + 0.011*"seite" + 0.010*"software" + 0.010*"foto" + 0.009*"fotobücher"
2019-08-07 14:45:58,189 : INFO : topic #8 (0.031): 0.000*"kalender" + 0.000*"qualität" + 0.000*"foto" + 0.000*"bestellen" + 0.000*"bild" + 0.000*"schnellen" + 0.000*"..." + 0.000*"lieferung" + 0.000*"finden" + 0.000*"zufrieden"
2019-08-07 14:45:58,198 : INFO : topic diff=23.572630, rho=1.000000
2019-08-07 14:45:58,716 : INFO : using symmetric alpha at 0.030303030303030304
2019-08-07 14:45:58,716 : INFO : using symmetric eta at 0.030303030303030304
2019-08-07 14:45:58,727 : INFO : using serial LDA version on this node
2019-08-07 14:45:58,913 : INFO : running online (single-pass) LDA training, 33 topics, 1 passes over the supplied corpus of 448 documents, updating model once every 448 documents, evaluating perplexity every 0 documents, iterating 400x with a convergence threshold of 0.001000
2019-08-07 14:45:58,913 : WARNING : too few updates, training might not converge; consider increasing the number of passes or iterations to improve accuracy
2019-08-07 14:45:58,913 : INFO : PROGRESS: pass 0, at document #448/448
2019-08-07 14:46:15,736 : INFO : topic #19 (0.030): 0.011*"qualität" + 0.010*"kalender" + 0.008*"zufrieden" + 0.006*"bestellen" + 0.005*"lieferung" + 0.004*"schnellen" + 0.004*"einfach" + 0.004*"bestellung" + 0.004*"bild" + 0.004*"foto"
2019-08-07 14:46:15,737 : INFO : topic #20 (0.030): 0.012*"zufrieden" + 0.011*"qualität" + 0.010*"bild" + 0.010*"einfach" + 0.010*"foto" + 0.008*"kalender" + 0.008*"buchen" + 0.007*"schnellen" + 0.007*"fotobuch" + 0.007*"super"
2019-08-07 14:46:15,738 : INFO : topic #31 (0.030): 0.029*"qualität" + 0.020*"bild" + 0.012*"einfach" + 0.011*"bestellen" + 0.010*"schnellen" + 0.010*"fotobuch" + 0.010*"zufrieden" + 0.009*"kalender" + 0.009*"foto" + 0.008*"lieferung"
2019-08-07 14:46:15,738 : INFO : topic #23 (0.030): 0.000*"n/a" + 0.000*"meinermeinung" + 0.000*"orndung" + 0.000*"optimierungsbedürftig!!jeder" + 0.000*"nachbarort" + 0.000*"plausible" + 0.000*"möglih" + 0.000*"kornwestheim" + 0.000*"krampfen" + 0.000*"preisunterschied"
2019-08-07 14:46:15,739 : INFO : topic #25 (0.030): 0.024*"qualität" + 0.019*"fotobuch" + 0.013*"buchen" + 0.012*"zufrieden" + 0.012*"bild" + 0.012*"einfach" + 0.012*"seite" + 0.010*"software" + 0.010*"foto" + 0.009*"fotobücher"
2019-08-07 14:46:15,748 : INFO : topic diff=24.289452, rho=1.000000
2019-08-07 14:46:16,418 : INFO : using symmetric alpha at 0.029411764705882353
2019-08-07 14:46:16,418 : INFO : using symmetric eta at 0.029411764705882353
2019-08-07 14:46:16,445 : INFO : using serial LDA version on this node
2019-08-07 14:46:16,841 : INFO : running online (single-pass) LDA training, 34 topics, 1 passes over the supplied corpus of 448 documents, updating model once every 448 documents, evaluating perplexity every 0 documents, iterating 400x with a convergence threshold of 0.001000
2019-08-07 14:46:16,841 : WARNING : too few updates, training might not converge; consider increasing the number of passes or iterations to improve accuracy
2019-08-07 14:46:16,842 : INFO : PROGRESS: pass 0, at document #448/448
2019-08-07 14:46:31,969 : INFO : topic #22 (0.029): 0.024*"qualität" + 0.015*"bild" + 0.012*"kalender" + 0.011*"einfach" + 0.010*"schnellen" + 0.010*"foto" + 0.008*"bestellen" + 0.008*"zufrieden" + 0.008*"software" + 0.008*"lieferung"
2019-08-07 14:46:31,969 : INFO : topic #13 (0.029): 0.000*"n/a" + 0.000*"meinermeinung" + 0.000*"orndung" + 0.000*"optimierungsbedürftig!!jeder" + 0.000*"nachbarort" + 0.000*"plausible" + 0.000*"möglih" + 0.000*"kornwestheim" + 0.000*"krampfen" + 0.000*"preisunterschied"
2019-08-07 14:46:31,970 : INFO : topic #29 (0.029): 0.002*"qualität" + 0.002*"foto" + 0.001*"einfach" + 0.001*"bild" + 0.001*"kalender" + 0.001*"lieferung" + 0.001*"zufrieden" + 0.001*"finden" + 0.001*"schnellen" + 0.001*"fotobuch"
2019-08-07 14:46:31,971 : INFO : topic #15 (0.029): 0.016*"qualität" + 0.012*"fotobuch" + 0.010*"bild" + 0.009*"zufrieden" + 0.009*"schnellen" + 0.009*"buchen" + 0.009*"foto" + 0.008*"seite" + 0.008*"software" + 0.008*"einfach"
2019-08-07 14:46:31,971 : INFO : topic #7 (0.029): 0.006*"qualität" + 0.006*"kalender" + 0.004*"bild" + 0.003*"zufrieden" + 0.003*"bestellen" + 0.003*"super" + 0.002*"schnellen" + 0.002*"preisen" + 0.002*"foto" + 0.002*"lieferung"
2019-08-07 14:46:31,979 : INFO : topic diff=25.092997, rho=1.000000
2019-08-07 14:46:32,603 : INFO : using symmetric alpha at 0.02857142857142857
2019-08-07 14:46:32,603 : INFO : using symmetric eta at 0.02857142857142857
2019-08-07 14:46:32,614 : INFO : using serial LDA version on this node
2019-08-07 14:46:32,810 : INFO : running online (single-pass) LDA training, 35 topics, 1 passes over the supplied corpus of 448 documents, updating model once every 448 documents, evaluating perplexity every 0 documents, iterating 400x with a convergence threshold of 0.001000
2019-08-07 14:46:32,810 : WARNING : too few updates, training might not converge; consider increasing the number of passes or iterations to improve accuracy
2019-08-07 14:46:32,810 : INFO : PROGRESS: pass 0, at document #448/448
2019-08-07 14:46:49,754 : INFO : topic #6 (0.029): 0.016*"qualität" + 0.014*"foto" + 0.013*"bild" + 0.013*"kalender" + 0.011*"zufrieden" + 0.008*"bestellen" + 0.008*"einfach" + 0.007*"buch" + 0.007*"lieferung" + 0.006*"schnellen"
2019-08-07 14:46:49,755 : INFO : topic #31 (0.029): 0.029*"qualität" + 0.020*"bild" + 0.012*"einfach" + 0.011*"bestellen" + 0.010*"schnellen" + 0.010*"zufrieden" + 0.010*"fotobuch" + 0.009*"kalender" + 0.009*"foto" + 0.008*"lieferung"
2019-08-07 14:46:49,756 : INFO : topic #16 (0.029): 0.017*"zufrieden" + 0.017*"qualität" + 0.013*"einfach" + 0.013*"fotobuch" + 0.012*"buchen" + 0.011*"schnellen" + 0.011*"bild" + 0.010*"buch" + 0.008*"foto" + 0.008*"super"
2019-08-07 14:46:49,757 : INFO : topic #10 (0.029): 0.015*"qualität" + 0.013*"kalender" + 0.009*"bild" + 0.007*"foto" + 0.007*"super" + 0.007*"schnellen" + 0.006*"zufrieden" + 0.005*"bestellung" + 0.005*"lieferung" + 0.005*"bestellen"
2019-08-07 14:46:49,757 : INFO : topic #0 (0.029): 0.028*"qualität" + 0.013*"foto" + 0.012*"kalender" + 0.012*"bild" + 0.011*"zufrieden" + 0.011*"schnellen" + 0.010*"einfach" + 0.010*"software" + 0.009*"lieferung" + 0.009*"fotobuch"
2019-08-07 14:46:49,767 : INFO : topic diff=25.876266, rho=1.000000
