2019-08-06 16:51:51,244 : INFO : using symmetric alpha at 0.0033333333333333335
2019-08-06 16:51:51,244 : INFO : using symmetric eta at 0.0033333333333333335
2019-08-06 16:51:51,268 : INFO : using serial LDA version on this node
2019-08-06 16:51:56,049 : INFO : running online (single-pass) LDA training, 300 topics, 1 passes over the supplied corpus of 1300724 documents, updating model once every 2000 documents, evaluating perplexity every 0 documents, iterating 400x with a convergence threshold of 0.001000
2019-08-06 16:51:56,050 : INFO : PROGRESS: pass 0, at document #2000/1300724
2019-08-06 16:51:59,095 : INFO : merging changes from 2000 documents into a model of 1300724 documents
2019-08-06 16:52:06,224 : INFO : topic #235 (0.003): 0.000*"aneinanderhängend" + 0.000*"möglichkeit-" + 0.000*"vergessern" + 0.000*"standard-maessig" + 0.000*"komputer-laie" + 0.000*"abzüben" + 0.000*"wählen/verschieben" + 0.000*"50ten" + 0.000*"bestellt+" + 0.000*"blaiben"
2019-08-06 16:52:06,226 : INFO : topic #178 (0.003): 0.000*"aneinanderhängend" + 0.000*"möglichkeit-" + 0.000*"vergessern" + 0.000*"standard-maessig" + 0.000*"komputer-laie" + 0.000*"abzüben" + 0.000*"wählen/verschieben" + 0.000*"50ten" + 0.000*"bestellt+" + 0.000*"blaiben"
2019-08-06 16:52:06,228 : INFO : topic #38 (0.003): 0.000*"aneinanderhängend" + 0.000*"möglichkeit-" + 0.000*"vergessern" + 0.000*"standard-maessig" + 0.000*"komputer-laie" + 0.000*"abzüben" + 0.000*"wählen/verschieben" + 0.000*"50ten" + 0.000*"bestellt+" + 0.000*"blaiben"
2019-08-06 16:52:06,230 : INFO : topic #42 (0.003): 0.000*"aneinanderhängend" + 0.000*"möglichkeit-" + 0.000*"vergessern" + 0.000*"standard-maessig" + 0.000*"komputer-laie" + 0.000*"abzüben" + 0.000*"wählen/verschieben" + 0.000*"50ten" + 0.000*"bestellt+" + 0.000*"blaiben"
2019-08-06 16:52:06,232 : INFO : topic #106 (0.003): 0.043*"dünnen" + 0.043*"bestellen" + 0.043*"produkt" + 0.043*"begeistern" + 0.043*"2" + 0.022*"erfült" + 0.022*"photobuch" + 0.022*"3" + 0.022*"karton" + 0.022*"erwartung"
2019-08-06 16:52:06,509 : INFO : topic diff=294.699066, rho=1.000000
2019-08-06 16:52:06,609 : INFO : PROGRESS: pass 0, at document #4000/1300724
2019-08-06 16:52:09,786 : INFO : merging changes from 2000 documents into a model of 1300724 documents
2019-08-06 16:52:16,046 : INFO : topic #78 (0.003): 0.000*"aneinanderhängend" + 0.000*"möglichkeit-" + 0.000*"vergessern" + 0.000*"standard-maessig" + 0.000*"komputer-laie" + 0.000*"abzüben" + 0.000*"wählen/verschieben" + 0.000*"50ten" + 0.000*"bestellt+" + 0.000*"blaiben"
2019-08-06 16:52:16,049 : INFO : topic #287 (0.003): 0.000*"aneinanderhängend" + 0.000*"möglichkeit-" + 0.000*"vergessern" + 0.000*"standard-maessig" + 0.000*"komputer-laie" + 0.000*"abzüben" + 0.000*"wählen/verschieben" + 0.000*"50ten" + 0.000*"bestellt+" + 0.000*"blaiben"
2019-08-06 16:52:16,051 : INFO : topic #19 (0.003): 0.000*"aneinanderhängend" + 0.000*"möglichkeit-" + 0.000*"vergessern" + 0.000*"standard-maessig" + 0.000*"komputer-laie" + 0.000*"abzüben" + 0.000*"wählen/verschieben" + 0.000*"50ten" + 0.000*"bestellt+" + 0.000*"blaiben"
2019-08-06 16:52:16,054 : INFO : topic #22 (0.003): 0.000*"aneinanderhängend" + 0.000*"möglichkeit-" + 0.000*"vergessern" + 0.000*"standard-maessig" + 0.000*"komputer-laie" + 0.000*"abzüben" + 0.000*"wählen/verschieben" + 0.000*"50ten" + 0.000*"bestellt+" + 0.000*"blaiben"
2019-08-06 16:52:16,057 : INFO : topic #38 (0.003): 0.000*"aneinanderhängend" + 0.000*"möglichkeit-" + 0.000*"vergessern" + 0.000*"standard-maessig" + 0.000*"komputer-laie" + 0.000*"abzüben" + 0.000*"wählen/verschieben" + 0.000*"50ten" + 0.000*"bestellt+" + 0.000*"blaiben"
2019-08-06 16:52:16,325 : INFO : topic diff=0.142276, rho=0.707107
2019-08-06 16:52:16,412 : INFO : PROGRESS: pass 0, at document #6000/1300724
2019-08-06 16:52:19,699 : INFO : merging changes from 2000 documents into a model of 1300724 documents
2019-08-06 16:52:26,416 : INFO : topic #229 (0.003): 0.000*"aneinanderhängend" + 0.000*"möglichkeit-" + 0.000*"vergessern" + 0.000*"standard-maessig" + 0.000*"komputer-laie" + 0.000*"abzüben" + 0.000*"wählen/verschieben" + 0.000*"50ten" + 0.000*"bestellt+" + 0.000*"blaiben"
2019-08-06 16:52:26,419 : INFO : topic #128 (0.003): 0.000*"aneinanderhängend" + 0.000*"möglichkeit-" + 0.000*"vergessern" + 0.000*"standard-maessig" + 0.000*"komputer-laie" + 0.000*"abzüben" + 0.000*"wählen/verschieben" + 0.000*"50ten" + 0.000*"bestellt+" + 0.000*"blaiben"
2019-08-06 16:52:26,421 : INFO : topic #159 (0.003): 0.000*"aneinanderhängend" + 0.000*"möglichkeit-" + 0.000*"vergessern" + 0.000*"standard-maessig" + 0.000*"komputer-laie" + 0.000*"abzüben" + 0.000*"wählen/verschieben" + 0.000*"50ten" + 0.000*"bestellt+" + 0.000*"blaiben"
2019-08-06 16:52:26,422 : INFO : topic #54 (0.003): 0.000*"aneinanderhängend" + 0.000*"möglichkeit-" + 0.000*"vergessern" + 0.000*"standard-maessig" + 0.000*"komputer-laie" + 0.000*"abzüben" + 0.000*"wählen/verschieben" + 0.000*"50ten" + 0.000*"bestellt+" + 0.000*"blaiben"
2019-08-06 16:52:26,424 : INFO : topic #9 (0.003): 0.000*"aneinanderhängend" + 0.000*"möglichkeit-" + 0.000*"vergessern" + 0.000*"standard-maessig" + 0.000*"komputer-laie" + 0.000*"abzüben" + 0.000*"wählen/verschieben" + 0.000*"50ten" + 0.000*"bestellt+" + 0.000*"blaiben"
2019-08-06 16:52:26,660 : INFO : topic diff=0.023307, rho=0.577350
2019-08-06 16:52:26,750 : INFO : PROGRESS: pass 0, at document #8000/1300724
2019-08-06 16:52:29,850 : INFO : merging changes from 2000 documents into a model of 1300724 documents
2019-08-06 16:52:36,566 : INFO : topic #82 (0.003): 0.000*"aneinanderhängend" + 0.000*"möglichkeit-" + 0.000*"vergessern" + 0.000*"standard-maessig" + 0.000*"komputer-laie" + 0.000*"abzüben" + 0.000*"wählen/verschieben" + 0.000*"50ten" + 0.000*"bestellt+" + 0.000*"blaiben"
2019-08-06 16:52:36,568 : INFO : topic #145 (0.003): 0.000*"aneinanderhängend" + 0.000*"möglichkeit-" + 0.000*"vergessern" + 0.000*"standard-maessig" + 0.000*"komputer-laie" + 0.000*"abzüben" + 0.000*"wählen/verschieben" + 0.000*"50ten" + 0.000*"bestellt+" + 0.000*"blaiben"
2019-08-06 16:52:36,570 : INFO : topic #230 (0.003): 0.000*"aneinanderhängend" + 0.000*"möglichkeit-" + 0.000*"vergessern" + 0.000*"standard-maessig" + 0.000*"komputer-laie" + 0.000*"abzüben" + 0.000*"wählen/verschieben" + 0.000*"50ten" + 0.000*"bestellt+" + 0.000*"blaiben"
2019-08-06 16:52:36,572 : INFO : topic #246 (0.003): 0.000*"aneinanderhängend" + 0.000*"möglichkeit-" + 0.000*"vergessern" + 0.000*"standard-maessig" + 0.000*"komputer-laie" + 0.000*"abzüben" + 0.000*"wählen/verschieben" + 0.000*"50ten" + 0.000*"bestellt+" + 0.000*"blaiben"
2019-08-06 16:52:36,574 : INFO : topic #281 (0.003): 0.102*"abwicklung" + 0.075*"erfolgen" + 0.069*"persönlich" + 0.059*"qualität" + 0.058*"hervorragen" + 0.042*"7" + 0.042*"lieferung" + 0.034*"information" + 0.023*"abholung" + 0.022*"info"
2019-08-06 16:52:36,825 : INFO : topic diff=0.022122, rho=0.500000
2019-08-06 16:52:36,915 : INFO : PROGRESS: pass 0, at document #10000/1300724
2019-08-06 16:52:40,023 : INFO : merging changes from 2000 documents into a model of 1300724 documents
